Arguments: 
  C:\Program Files\nodejs\node.exe C:\Program Files (x86)\Yarn\bin\yarn.js run de

PATH: 
  C:\Program Files\Git\mingw64\bin;C:\Program Files\Git\usr\bin;C:\Users\anyta\bin;C:\ProgramData\Oracle\Java\javapath;C:\WINDOWS\system32;C:\WINDOWS;C:\WINDOWS\System32\Wbem;C:\WINDOWS\System32\WindowsPowerShell\v1.0;C:\Program Files (x86)\Common Files\lenovo\easyplussdk\bin;C:\Program Files\Intel\WiFi\bin;C:\Program Files\Common Files\Intel\WirelessCommon;C:\Program Files (x86)\Google\Google Apps Sync;C:\Program Files\Git\cmd;C:\Program Files (x86)\Windows Live\Shared;C:\HashiCorp\Vagrant\bin;C:\Program Files (x86)\Yarn\bin;C:\Program Files\nodejs;C:\Users\anyta\AppData\Local\Microsoft\WindowsApps;C:\Users\anyta\AppData\Local\GitHubDesktop\bin;C:\Program Files\Heroku\bin;C:\Users\anyta\AppData\Local\Microsoft\WindowsApps;C:\Users\anyta\AppData\Local\atom\bin;C:\Users\anyta\AppData\Local\Google\Cloud SDK\google-cloud-sdk\bin;C:\Program Files\Microsoft VS Code\bin;C:\Users\anyta\AppData\Local\Yarn\bin;C:\Program Files\MongoDB\Server\3.6\bin;C:\Users\anyta\AppData\Roaming\npm;C:\Program Files\Java\jdk1.8.0_161\bin;C:\Program Files\Java\jre1.8.0_161\bin

Yarn version: 
  1.5.1

Node version: 
  8.10.0

Platform: 
  win32 x64

npm manifest: 
  {
    "name": "cinehome",
    "version": "1.0.0",
    "description": "Netflix Clone",
    "main": "server.js",
    "scripts": {
      "start": "node server.js",
      "server": "nodemon server.js",
      "client-install": "npm install --prefix client",
      "client": "npm start --prefix client",
      "dev": "concurrently \"npm run server\" \"npm run client\" ",
      "test": "echo \"Error: no test specified\" && exit 1"
    },
    "author": "Anyta",
    "license": "ISC",
    "dependencies": {
      "bcryptjs": "^2.4.3",
      "body-parser": "^1.18.2",
      "concurrently": "^3.5.1",
      "express": "^4.16.3",
      "gravatar": "^1.6.0",
      "jsonwebtoken": "^8.2.1",
      "mongoose": "^5.0.15",
      "passport": "^0.4.0",
      "passport-jwt": "^4.0.0",
      "validator": "^9.4.1"
    },
    "devDependencies": {
      "nodemon": "^1.17.3"
    }
  }

yarn manifest: 
  No manifest

Lockfile: 
  No lockfile

Trace: 
  Error: Command "de" not found. Did you mean "dev"?
      at new MessageError (C:\Program Files (x86)\Yarn\lib\cli.js:186:110)
      at C:\Program Files (x86)\Yarn\lib\cli.js:87307:17
      at Generator.next (<anonymous>)
      at step (C:\Program Files (x86)\Yarn\lib\cli.js:98:30)
      at C:\Program Files (x86)\Yarn\lib\cli.js:116:14
      at new Promise (<anonymous>)
      at new F (C:\Program Files (x86)\Yarn\lib\cli.js:23451:28)
      at C:\Program Files (x86)\Yarn\lib\cli.js:95:12
      at runCommand (C:\Program Files (x86)\Yarn\lib\cli.js:87312:22)
      at Object.<anonymous> (C:\Program Files (x86)\Yarn\lib\cli.js:87412:14)
